<?xml version="1.0" encoding="UTF-8"?>
<!-- Generated by org.testng.reporters.JUnitReportReporter -->
<testsuite hostname="Sivanesh" failures="0" tests="2" name="make_mytrip.make_mytrip" time="139.861" errors="0" timestamp="8 Nov 2022 17:57:00 GMT">
  <testcase classname="make_mytrip.make_mytrip" name="test" time="19.851"/>
  <testcase classname="make_mytrip.make_mytrip" name="test2" time="120.010"/>
</testsuite> <!-- make_mytrip.make_mytrip -->
